[debug] [2023-08-13T15:30:55.186Z] ----------------------------------------------------------------------
[debug] [2023-08-13T15:30:55.189Z] Command:       /usr/local/lib/node_modules/node/bin/node /usr/local/bin/firebase deploy
[debug] [2023-08-13T15:30:55.189Z] CLI Version:   12.4.7
[debug] [2023-08-13T15:30:55.189Z] Platform:      darwin
[debug] [2023-08-13T15:30:55.190Z] Node Version:  v20.5.0
[debug] [2023-08-13T15:30:55.190Z] Time:          Sun Aug 13 2023 18:30:55 GMT+0300 (Israel Daylight Time)
[debug] [2023-08-13T15:30:55.190Z] ----------------------------------------------------------------------
[debug] 
[debug] [2023-08-13T15:30:55.252Z] > command requires scopes: ["email","openid","https://www.googleapis.com/auth/cloudplatformprojects.readonly","https://www.googleapis.com/auth/firebase","https://www.googleapis.com/auth/cloud-platform"]
[debug] [2023-08-13T15:30:55.253Z] > authorizing via signed-in user (guyginton@gmail.com)
[debug] [2023-08-13T15:30:55.253Z] [iam] checking project guidancespace-270cf for permissions ["firebase.projects.get","firebasehosting.sites.update"]
[debug] [2023-08-13T15:30:55.254Z] >>> [apiv2][query] POST https://cloudresourcemanager.googleapis.com/v1/projects/guidancespace-270cf:testIamPermissions [none]
[debug] [2023-08-13T15:30:55.255Z] >>> [apiv2][(partial)header] POST https://cloudresourcemanager.googleapis.com/v1/projects/guidancespace-270cf:testIamPermissions x-goog-quota-user=projects/guidancespace-270cf
[debug] [2023-08-13T15:30:55.255Z] >>> [apiv2][body] POST https://cloudresourcemanager.googleapis.com/v1/projects/guidancespace-270cf:testIamPermissions {"permissions":["firebase.projects.get","firebasehosting.sites.update"]}
[debug] [2023-08-13T15:30:57.000Z] <<< [apiv2][status] POST https://cloudresourcemanager.googleapis.com/v1/projects/guidancespace-270cf:testIamPermissions 200
[debug] [2023-08-13T15:30:57.001Z] <<< [apiv2][body] POST https://cloudresourcemanager.googleapis.com/v1/projects/guidancespace-270cf:testIamPermissions {"permissions":["firebase.projects.get","firebasehosting.sites.update"]}
[debug] [2023-08-13T15:30:57.002Z] >>> [apiv2][query] GET https://firebase.googleapis.com/v1beta1/projects/guidancespace-270cf [none]
[debug] [2023-08-13T15:30:59.420Z] <<< [apiv2][status] GET https://firebase.googleapis.com/v1beta1/projects/guidancespace-270cf 200
[debug] [2023-08-13T15:30:59.420Z] <<< [apiv2][body] GET https://firebase.googleapis.com/v1beta1/projects/guidancespace-270cf {"projectId":"guidancespace-270cf","projectNumber":"689731008405","displayName":"guidancespace","name":"projects/guidancespace-270cf","resources":{"hostingSite":"guidancespace-270cf"},"state":"ACTIVE","etag":"1_9e556505-9ead-4e2b-849e-298aabd2c223"}
[info] 
[info] === Deploying to 'guidancespace-270cf'...
[info] 
[info] i  deploying hosting 
[debug] [2023-08-13T15:30:59.426Z] >>> [apiv2][query] POST https://firebasehosting.googleapis.com/v1beta1/projects/-/sites/guidancespace-270cf/versions [none]
[debug] [2023-08-13T15:30:59.426Z] >>> [apiv2][body] POST https://firebasehosting.googleapis.com/v1beta1/projects/-/sites/guidancespace-270cf/versions {"status":"CREATED","labels":{"deployment-tool":"cli-firebase"}}
[debug] [2023-08-13T15:31:00.315Z] <<< [apiv2][status] POST https://firebasehosting.googleapis.com/v1beta1/projects/-/sites/guidancespace-270cf/versions 200
[debug] [2023-08-13T15:31:00.315Z] <<< [apiv2][body] POST https://firebasehosting.googleapis.com/v1beta1/projects/-/sites/guidancespace-270cf/versions {"name":"projects/689731008405/sites/guidancespace-270cf/versions/674b7f3af87bb6d3","status":"CREATED","config":{},"labels":{"deployment-tool":"cli-firebase"}}
[info] i  hosting[guidancespace-270cf]: beginning deploy... 
[info] i  hosting[guidancespace-270cf]: found 36 files in build 
[debug] [2023-08-13T15:31:00.328Z] [hosting] uploading with 200 concurrency
[debug] [2023-08-13T15:31:00.621Z] [hosting] hash cache [YnVpbGQ] stored for 36 files
[debug] [2023-08-13T15:31:00.622Z] [hosting][hash queue][FINAL] {"max":287,"min":17,"avg":38.80555555555556,"active":0,"complete":36,"success":36,"errored":0,"retried":0,"total":36,"elapsed":291}
[debug] [2023-08-13T15:31:00.622Z] >>> [apiv2][query] POST https://firebasehosting.googleapis.com/v1beta1/projects/689731008405/sites/guidancespace-270cf/versions/674b7f3af87bb6d3:populateFiles [none]
[debug] [2023-08-13T15:31:00.622Z] >>> [apiv2][body] POST https://firebasehosting.googleapis.com/v1beta1/projects/689731008405/sites/guidancespace-270cf/versions/674b7f3af87bb6d3:populateFiles {"files":{"/asset-manifest.json":"874a775ee1baa084c38e9fe6fba95c1c80edeb5be5c3aac6eb92f6be4e45aafa","/index.html":"d7a0f7e59ff3d6b6e44e579c947013e576d474073ca2640fdcdd986166848224","/service-worker.js":"c6b0478b66d381a6a6b09efa41c38295b5ebc7b54ef410d1efb001c5ce5e155f","/precache-manifest.3ba61801389d16256de37c97f0573dca.js":"ccdfc88ecc2c5102cebe634ec46ea4320bc7d42c1296bdec0f7342aae11c0a87","/robots.txt":"391d14b3c2f8c9143a27a28c7399585142228d4d1bdbe2c87ac946de411fa9a2","/bit/asset-manifest.json":"a7279b04a65a3b3396593e35fabb9acf3302416a2e09e8ba6c3c0820a138e9d8","/manifest.json":"abdf630d03dbdf19c455d575c27ea6865c5603b06f6c391cf9ea9cee9374a44f","/bit/index.html":"9aa0404011a8a339abad3208d67bbb6240c06535a4d2b08b4b90735488faabe8","/bit/service-worker.js":"7ca5551c29127b3d08ca5f9aa2d2d9b4222e93155073ab349120fc3f37c29edf","/bit/static/js/102.932ba960.js.LICENSE.txt":"58b63b77f7bd623bd6335700703df876a70ebdea554e2713e14734a11b690af8","/bit/workbox-322081c9.js":"439896c0040aebfda4c6a13c60536a269a45a3883021a794d25c1d89b737eea8","/bit/workbox-99806bde.js":"0b34dfc08effbb13d913d3f5c32af4918a2bf9423c0e68f0f0d966fa2b578a38","/bit/static/js/265.1468d95e.js.LICENSE.txt":"58b63b77f7bd623bd6335700703df876a70ebdea554e2713e14734a11b690af8","/bit/static/js/runtime-main.b8fa611a.js":"e3bc84fab2d6bf39b07cb75a7a7237e6ba297621a3aaa3fd909d94c97dd56d5d","/static/css/2.aaefc2e3.chunk.css":"3f18c97ea20f64f37db731c1f19bc72de1f26d8f6e265d2dd7d87232807ce082","/bit/static/js/main.1f0a2c15.js":"f58e9d68cb47e1c9500163b4302e9959e2c1810df297c1bc923bb253bd816a9f","/static/css/main.9a6a6710.chunk.css":"dfbd697ed2b352c4d354d784cb5fe9900c15ab16b78f7d31c0f59b586f4ca05e","/bit/static/js/runtime-main.da5504d3.js":"b4df095140783a04f4fd5e70fb0e510b11ae029b2750ac33a8b905fa810840c0","/static/css/main.9a6a6710.chunk.css.map":"4c108f9b774721d260376b63a52a3820b101fe41b07967d43914f5fec2859f40","/static/js/1.aa1ecd07.chunk.js":"6177fd9ca5e847d2ec37790da647d89856476cc6e75a48b221c77e38f609acbd","/static/css/2.aaefc2e3.chunk.css.map":"4dd6283a7bc3e09396709532f788c430ab142c6988f73ac8d78c8d2d40254ae1","/bit/static/js/main.c2bd4882.js":"be4bb1691bb23ad8e17db36d0fb9315a4cec4c95a2cfa19a26201d25443c702b","/static/js/1.aa1ecd07.chunk.js.map":"bb958c54c5986f2570ba19542857e9f1d7e6f092cbf2a32f704faedca1882ec3","/static/js/runtime~main.fceb6f06.js":"367199c7e5e8eb12f6ed6485d94ca3d517e7ba8c2a2e910120b52b977e79b4bd","/static/media/work.b5594cf8.svg":"30e5e20af8ec4b61cf47b6a9f33da130781281914f208697b3aa9ca8d936dabb","/static/media/school.02283109.svg":"fbb64c7c48f403f65b08d7f152625f57511cc7da5b87eca814b098369ce5a270","/static/js/main.65079056.chunk.js":"02286541ca94eb862982f914cddde689cc75c87cc18612fe7aec88af40c21fcf","/static/js/runtime~main.fceb6f06.js.map":"0828733c57fe261b2a92bbe6b4ce1f7e80257b6f6542c28ca15daac551d3f924","/static/js/main.65079056.chunk.js.map":"de491cb9bc53416725c008dd22fe74d3ada10b76c8a94075ff466e1db55f7ef3","/bit/static/css/102.5b9a4183.css":"b14ee35d49c3ff9c002922736242fea8f3274d5559cc66fb41fe03170befbaf1","/bit/static/css/265.62faad2e.css":"4593d6bd3c17feb74d8e6f8d0ee4440a5ef4029c96b2c03060bb80519be5a910","/static/js/2.4888f61f.chunk.js":"fdbc6154f7897214c710a2e343b013411c97911077c3e0163fab9f9929fd1b07","/favicon.ico":"249f1de7be427726d8c2bd3c487feb20881c0cadb955449fea26dbbfd5e74fcb","/static/js/2.4888f61f.chunk.js.map":"c6368793a30af903e8049425c5c1074d95daa1493b7988d863626f196d25ba91","/bit/static/js/265.1468d95e.js":"ee5162f3a1a77fac28d5c94483c52f39b40c3ca146db50f53103d93b8bd67072","/bit/static/js/102.932ba960.js":"05749fc4aa67a7fda7b6a79afbf561ced4dc829f8dcdcdacbc9d681e8f6d6bb9"}}
[debug] [2023-08-13T15:31:01.188Z] <<< [apiv2][status] POST https://firebasehosting.googleapis.com/v1beta1/projects/689731008405/sites/guidancespace-270cf/versions/674b7f3af87bb6d3:populateFiles 200
[debug] [2023-08-13T15:31:01.188Z] <<< [apiv2][body] POST https://firebasehosting.googleapis.com/v1beta1/projects/689731008405/sites/guidancespace-270cf/versions/674b7f3af87bb6d3:populateFiles {"uploadRequiredHashes":["de491cb9bc53416725c008dd22fe74d3ada10b76c8a94075ff466e1db55f7ef3","dfbd697ed2b352c4d354d784cb5fe9900c15ab16b78f7d31c0f59b586f4ca05e","4c108f9b774721d260376b63a52a3820b101fe41b07967d43914f5fec2859f40","ccdfc88ecc2c5102cebe634ec46ea4320bc7d42c1296bdec0f7342aae11c0a87","874a775ee1baa084c38e9fe6fba95c1c80edeb5be5c3aac6eb92f6be4e45aafa","c6b0478b66d381a6a6b09efa41c38295b5ebc7b54ef410d1efb001c5ce5e155f","d7a0f7e59ff3d6b6e44e579c947013e576d474073ca2640fdcdd986166848224","02286541ca94eb862982f914cddde689cc75c87cc18612fe7aec88af40c21fcf"],"uploadUrl":"https://upload-firebasehosting.googleapis.com/upload/sites/guidancespace-270cf/versions/674b7f3af87bb6d3/files"}
[debug] [2023-08-13T15:31:01.190Z] >>> [apiv2][query] POST https://upload-firebasehosting.googleapis.com/upload/sites/guidancespace-270cf/versions/674b7f3af87bb6d3/files/de491cb9bc53416725c008dd22fe74d3ada10b76c8a94075ff466e1db55f7ef3 [none]
[debug] [2023-08-13T15:31:01.190Z] >>> [apiv2][body] POST https://upload-firebasehosting.googleapis.com/upload/sites/guidancespace-270cf/versions/674b7f3af87bb6d3/files/de491cb9bc53416725c008dd22fe74d3ada10b76c8a94075ff466e1db55f7ef3 [stream]
[debug] [2023-08-13T15:31:01.192Z] >>> [apiv2][query] POST https://upload-firebasehosting.googleapis.com/upload/sites/guidancespace-270cf/versions/674b7f3af87bb6d3/files/dfbd697ed2b352c4d354d784cb5fe9900c15ab16b78f7d31c0f59b586f4ca05e [none]
[debug] [2023-08-13T15:31:01.192Z] >>> [apiv2][body] POST https://upload-firebasehosting.googleapis.com/upload/sites/guidancespace-270cf/versions/674b7f3af87bb6d3/files/dfbd697ed2b352c4d354d784cb5fe9900c15ab16b78f7d31c0f59b586f4ca05e [stream]
[debug] [2023-08-13T15:31:01.193Z] >>> [apiv2][query] POST https://upload-firebasehosting.googleapis.com/upload/sites/guidancespace-270cf/versions/674b7f3af87bb6d3/files/4c108f9b774721d260376b63a52a3820b101fe41b07967d43914f5fec2859f40 [none]
[debug] [2023-08-13T15:31:01.193Z] >>> [apiv2][body] POST https://upload-firebasehosting.googleapis.com/upload/sites/guidancespace-270cf/versions/674b7f3af87bb6d3/files/4c108f9b774721d260376b63a52a3820b101fe41b07967d43914f5fec2859f40 [stream]
[debug] [2023-08-13T15:31:01.194Z] >>> [apiv2][query] POST https://upload-firebasehosting.googleapis.com/upload/sites/guidancespace-270cf/versions/674b7f3af87bb6d3/files/ccdfc88ecc2c5102cebe634ec46ea4320bc7d42c1296bdec0f7342aae11c0a87 [none]
[debug] [2023-08-13T15:31:01.194Z] >>> [apiv2][body] POST https://upload-firebasehosting.googleapis.com/upload/sites/guidancespace-270cf/versions/674b7f3af87bb6d3/files/ccdfc88ecc2c5102cebe634ec46ea4320bc7d42c1296bdec0f7342aae11c0a87 [stream]
[debug] [2023-08-13T15:31:01.195Z] >>> [apiv2][query] POST https://upload-firebasehosting.googleapis.com/upload/sites/guidancespace-270cf/versions/674b7f3af87bb6d3/files/874a775ee1baa084c38e9fe6fba95c1c80edeb5be5c3aac6eb92f6be4e45aafa [none]
[debug] [2023-08-13T15:31:01.195Z] >>> [apiv2][body] POST https://upload-firebasehosting.googleapis.com/upload/sites/guidancespace-270cf/versions/674b7f3af87bb6d3/files/874a775ee1baa084c38e9fe6fba95c1c80edeb5be5c3aac6eb92f6be4e45aafa [stream]
[debug] [2023-08-13T15:31:01.196Z] >>> [apiv2][query] POST https://upload-firebasehosting.googleapis.com/upload/sites/guidancespace-270cf/versions/674b7f3af87bb6d3/files/c6b0478b66d381a6a6b09efa41c38295b5ebc7b54ef410d1efb001c5ce5e155f [none]
[debug] [2023-08-13T15:31:01.196Z] >>> [apiv2][body] POST https://upload-firebasehosting.googleapis.com/upload/sites/guidancespace-270cf/versions/674b7f3af87bb6d3/files/c6b0478b66d381a6a6b09efa41c38295b5ebc7b54ef410d1efb001c5ce5e155f [stream]
[debug] [2023-08-13T15:31:01.198Z] >>> [apiv2][query] POST https://upload-firebasehosting.googleapis.com/upload/sites/guidancespace-270cf/versions/674b7f3af87bb6d3/files/d7a0f7e59ff3d6b6e44e579c947013e576d474073ca2640fdcdd986166848224 [none]
[debug] [2023-08-13T15:31:01.198Z] >>> [apiv2][body] POST https://upload-firebasehosting.googleapis.com/upload/sites/guidancespace-270cf/versions/674b7f3af87bb6d3/files/d7a0f7e59ff3d6b6e44e579c947013e576d474073ca2640fdcdd986166848224 [stream]
[debug] [2023-08-13T15:31:01.199Z] >>> [apiv2][query] POST https://upload-firebasehosting.googleapis.com/upload/sites/guidancespace-270cf/versions/674b7f3af87bb6d3/files/02286541ca94eb862982f914cddde689cc75c87cc18612fe7aec88af40c21fcf [none]
[debug] [2023-08-13T15:31:01.199Z] >>> [apiv2][body] POST https://upload-firebasehosting.googleapis.com/upload/sites/guidancespace-270cf/versions/674b7f3af87bb6d3/files/02286541ca94eb862982f914cddde689cc75c87cc18612fe7aec88af40c21fcf [stream]
[debug] [2023-08-13T15:31:01.200Z] [hosting][populate queue][FINAL] {"max":569,"min":569,"avg":569,"active":0,"complete":1,"success":1,"errored":0,"retried":0,"total":1,"elapsed":579}
[debug] [2023-08-13T15:31:01.200Z] [hosting] uploads queued: 8
